Jan,11 17:22:45 : created and connected
Jan,11 17:24:06 : created and connected
Jan,11 17:24:50 : created and connected
Jan,11 17:25:26 : created and connected
Jan,11 17:31:57 : Start logging
Jan,11 17:31:57 : created and connected
Jan,11 17:32:49 : Start logging
Jan,11 17:32:49 : created and connected
Jan,11 17:32:49 : here
Jan,11 17:32:49 : stop[id_itinerary]=1
Jan,11 17:32:49 : stop[id_itinerary]=1
Jan,11 17:32:49 : stop[id_itinerary]=1
Jan,11 17:32:49 : stop[id_itinerary]=5
Jan,11 17:32:49 : stop[id_itinerary]=5
Jan,11 17:32:49 : stop[id_itinerary]=5
Jan,11 17:32:49 : stop[id_itinerary]=6
Jan,11 17:32:49 : stop[id_itinerary]=6
Jan,11 17:32:49 : stop[id_itinerary]=6
Jan,11 17:32:49 : a:3:{i:1;s:17:"a47c_Зел_07:20";i:5;s:16:"a47c_ака_7:46";i:6;s:15:"t46_Кол_7:04";}
Jan,11 17:33:31 : Start logging
Jan,11 17:33:31 : created and connected
Jan,11 17:33:31 : here
Jan,11 17:33:31 : stop[id_itinerary]=1
Jan,11 17:33:31 : stop[id_itinerary]=1
Jan,11 17:33:31 : stop[id_itinerary]=1
Jan,11 17:33:31 : stop[id_itinerary]=5
Jan,11 17:33:31 : stop[id_itinerary]=5
Jan,11 17:33:31 : stop[id_itinerary]=5
Jan,11 17:33:31 : stop[id_itinerary]=6
Jan,11 17:33:31 : stop[id_itinerary]=6
Jan,11 17:33:31 : stop[id_itinerary]=6
Jan,11 17:33:31 : a:3:{i:1;s:17:"a47c_Зел_07:20";i:5;s:16:"a47c_ака_7:46";i:6;s:15:"t46_Кол_7:04";}
Jan,21 16:10:04 : Start logging
Jan,21 16:10:04 : created and connected
Jan,21 16:10:04 : here
Jan,21 16:10:04 : stop[id_itinerary]=1
Jan,21 16:10:04 : stop[id_itinerary]=1
Jan,21 16:10:04 : stop[id_itinerary]=1
Jan,21 16:10:04 : stop[id_itinerary]=5
Jan,21 16:10:04 : stop[id_itinerary]=5
Jan,21 16:10:04 : stop[id_itinerary]=5
Jan,21 16:10:04 : stop[id_itinerary]=6
Jan,21 16:10:04 : stop[id_itinerary]=6
Jan,21 16:10:04 : stop[id_itinerary]=6
Jan,21 16:10:04 : a:3:{i:1;s:17:"a47c_Зел_07:20";i:5;s:16:"a47c_ака_7:46";i:6;s:15:"t46_Кол_7:04";}
Jan,21 16:10:17 : created and connected
Jan,21 16:10:17 : here
Jan,21 16:10:17 : stop[id_itinerary]=1
Jan,21 16:10:17 : stop[id_itinerary]=1
Jan,21 16:10:17 : stop[id_itinerary]=1
Jan,21 16:10:17 : stop[id_itinerary]=5
Jan,21 16:10:17 : stop[id_itinerary]=5
Jan,21 16:10:17 : stop[id_itinerary]=5
Jan,21 16:10:17 : stop[id_itinerary]=6
Jan,21 16:10:17 : stop[id_itinerary]=6
Jan,21 16:10:17 : stop[id_itinerary]=6
Jan,21 16:10:17 : a:3:{i:1;s:17:"a47c_Зел_07:20";i:5;s:16:"a47c_ака_7:46";i:6;s:15:"t46_Кол_7:04";}
Jan,21 16:19:39 : Start logging
Jan,21 16:19:39 : created and connected
Jan,21 16:19:39 : here
Jan,21 16:19:39 : stop[id_itinerary]=1
Jan,21 16:19:39 : stop[id_itinerary]=1
Jan,21 16:19:39 : stop[id_itinerary]=1
Jan,21 16:19:39 : stop[id_itinerary]=5
Jan,21 16:19:39 : stop[id_itinerary]=5
Jan,21 16:19:39 : stop[id_itinerary]=5
Jan,21 16:19:39 : stop[id_itinerary]=6
Jan,21 16:19:39 : stop[id_itinerary]=6
Jan,21 16:19:39 : stop[id_itinerary]=6
Jan,21 16:19:39 : a:3:{i:1;s:17:"a47c_Зел_07:20";i:5;s:16:"a47c_ака_7:46";i:6;s:15:"t46_Кол_7:04";}
Jan,21 16:46:23 : Start logging
Jan,21 16:46:23 : created and connected
Jan,21 16:46:23 : here
Jan,21 16:46:23 : stop[id_itinerary]=1
Jan,21 16:46:23 : stop[id_itinerary]=1
Jan,21 16:46:23 : stop[id_itinerary]=1
Jan,21 16:46:23 : stop[id_itinerary]=5
Jan,21 16:46:23 : stop[id_itinerary]=5
Jan,21 16:46:23 : stop[id_itinerary]=5
Jan,21 16:46:23 : stop[id_itinerary]=6
Jan,21 16:46:23 : stop[id_itinerary]=6
Jan,21 16:46:23 : stop[id_itinerary]=6
Jan,21 16:46:23 : a:3:{i:1;s:17:"a47c_Зел_07:20";i:5;s:16:"a47c_ака_7:46";i:6;s:15:"t46_Кол_7:04";}
Jan,21 16:47:58 : Start logging
Jan,21 16:47:58 : created and connected
Jan,21 16:47:58 : here
Jan,21 16:47:58 : stop[id_itinerary]=1
Jan,21 16:47:58 : stop[id_itinerary]=1
Jan,21 16:47:58 : stop[id_itinerary]=1
Jan,21 16:47:58 : stop[id_itinerary]=5
Jan,21 16:47:58 : stop[id_itinerary]=5
Jan,21 16:47:58 : stop[id_itinerary]=5
Jan,21 16:47:58 : stop[id_itinerary]=6
Jan,21 16:47:58 : stop[id_itinerary]=6
Jan,21 16:47:58 : stop[id_itinerary]=6
Jan,21 16:47:58 : a:3:{i:1;s:17:"a47c_Зел_07:20";i:5;s:16:"a47c_ака_7:46";i:6;s:15:"t46_Кол_7:04";}
Jan,21 16:51:02 : Start logging
Jan,21 16:51:02 : created and connected
Jan,21 16:51:02 : here
Jan,21 16:51:02 : stop[id_itinerary]=1
Jan,21 16:51:02 : stop[id_itinerary]=1
Jan,21 16:51:02 : stop[id_itinerary]=1
Jan,21 16:51:02 : stop[id_itinerary]=5
Jan,21 16:51:02 : stop[id_itinerary]=5
Jan,21 16:51:02 : stop[id_itinerary]=5
Jan,21 16:51:02 : stop[id_itinerary]=6
Jan,21 16:51:02 : stop[id_itinerary]=6
Jan,21 16:51:02 : stop[id_itinerary]=6
Jan,21 16:51:02 : a:3:{i:1;s:17:"a47c_Зел_07:20";i:5;s:16:"a47c_ака_7:46";i:6;s:15:"t46_Кол_7:04";}
Jan,21 16:55:04 : Start logging
Jan,21 16:55:04 : created and connected
Jan,21 16:55:04 : here
Jan,21 16:55:04 : stop[id_itinerary]=1
Jan,21 16:55:04 : stop[id_itinerary]=1
Jan,21 16:55:04 : stop[id_itinerary]=1
Jan,21 16:55:04 : stop[id_itinerary]=5
Jan,21 16:55:04 : stop[id_itinerary]=5
Jan,21 16:55:04 : stop[id_itinerary]=5
Jan,21 16:55:04 : stop[id_itinerary]=6
Jan,21 16:55:04 : stop[id_itinerary]=6
Jan,21 16:55:04 : stop[id_itinerary]=6
Jan,21 16:55:04 : a:3:{i:1;s:17:"a47c_Зел_07:20";i:5;s:16:"a47c_ака_7:46";i:6;s:15:"t46_Кол_7:04";}
Jan,21 16:59:42 : Start logging
Jan,21 16:59:42 : created and connected
Jan,21 16:59:42 : here
Jan,21 16:59:42 : stop[id_itinerary]=1
Jan,21 16:59:42 : stop[id_itinerary]=1
Jan,21 16:59:42 : stop[id_itinerary]=1
Jan,21 16:59:42 : stop[id_itinerary]=5
Jan,21 16:59:42 : stop[id_itinerary]=5
Jan,21 16:59:42 : stop[id_itinerary]=5
Jan,21 16:59:42 : stop[id_itinerary]=6
Jan,21 16:59:42 : stop[id_itinerary]=6
Jan,21 16:59:42 : stop[id_itinerary]=6
Jan,21 16:59:42 : a:3:{i:1;s:17:"a47c_Зел_07:20";i:5;s:16:"a47c_ака_7:46";i:6;s:15:"t46_Кол_7:04";}
Jan,21 17:11:15 : Start logging
Jan,21 17:11:15 : created and connected
Jan,21 17:11:15 : here
Jan,21 17:11:15 : stop[id_itinerary]=1
Jan,21 17:11:15 : stop[id_itinerary]=1
Jan,21 17:11:15 : stop[id_itinerary]=1
Jan,21 17:11:15 : stop[id_itinerary]=5
Jan,21 17:11:15 : stop[id_itinerary]=5
Jan,21 17:11:15 : stop[id_itinerary]=5
Jan,21 17:11:15 : stop[id_itinerary]=6
Jan,21 17:11:15 : stop[id_itinerary]=6
Jan,21 17:11:15 : stop[id_itinerary]=6
Jan,21 17:11:15 : a:3:{i:1;s:17:"a47c_Зел_07:20";i:5;s:16:"a47c_ака_7:46";i:6;s:15:"t46_Кол_7:04";}
Jan,21 17:11:37 : Start logging
Jan,21 17:11:37 : created and connected
Jan,21 17:11:37 : here
Jan,21 17:11:37 : stop[id_itinerary]=1
Jan,21 17:11:37 : stop[id_itinerary]=1
Jan,21 17:11:37 : stop[id_itinerary]=1
Jan,21 17:11:37 : stop[id_itinerary]=5
Jan,21 17:11:37 : stop[id_itinerary]=5
Jan,21 17:11:37 : stop[id_itinerary]=5
Jan,21 17:11:37 : stop[id_itinerary]=6
Jan,21 17:11:37 : stop[id_itinerary]=6
Jan,21 17:11:37 : stop[id_itinerary]=6
Jan,21 17:11:37 : a:3:{i:1;s:17:"a47c_Зел_07:20";i:5;s:16:"a47c_ака_7:46";i:6;s:15:"t46_Кол_7:04";}
Jan,21 17:12:39 : Start logging
Jan,21 17:12:39 : created and connected
Jan,21 17:12:39 : here
Jan,21 17:12:39 : stop[id_itinerary]=1
Jan,21 17:12:39 : stop[id_itinerary]=1
Jan,21 17:12:39 : stop[id_itinerary]=1
Jan,21 17:12:39 : stop[id_itinerary]=5
Jan,21 17:12:39 : stop[id_itinerary]=5
Jan,21 17:12:39 : stop[id_itinerary]=5
Jan,21 17:12:39 : stop[id_itinerary]=6
Jan,21 17:12:39 : stop[id_itinerary]=6
Jan,21 17:12:39 : stop[id_itinerary]=6
Jan,21 17:12:39 : a:3:{i:1;s:17:"a47c_Зел_07:20";i:5;s:16:"a47c_ака_7:46";i:6;s:15:"t46_Кол_7:04";}
Jan,21 17:12:42 : Start logging
Jan,21 17:12:42 : created and connected
Jan,21 17:12:42 : here
Jan,21 17:12:42 : stop[id_itinerary]=1
Jan,21 17:12:42 : stop[id_itinerary]=1
Jan,21 17:12:42 : stop[id_itinerary]=1
Jan,21 17:12:42 : stop[id_itinerary]=5
Jan,21 17:12:42 : stop[id_itinerary]=5
Jan,21 17:12:42 : stop[id_itinerary]=5
Jan,21 17:12:42 : stop[id_itinerary]=6
Jan,21 17:12:42 : stop[id_itinerary]=6
Jan,21 17:12:42 : stop[id_itinerary]=6
Jan,21 17:12:42 : a:3:{i:1;s:17:"a47c_Зел_07:20";i:5;s:16:"a47c_ака_7:46";i:6;s:15:"t46_Кол_7:04";}
Jan,21 17:13:27 : Start logging
Jan,21 17:13:27 : created and connected
Jan,21 17:13:27 : here
Jan,21 17:13:27 : stop[id_itinerary]=1
Jan,21 17:13:27 : stop[id_itinerary]=1
Jan,21 17:13:27 : stop[id_itinerary]=1
Jan,21 17:13:27 : stop[id_itinerary]=5
Jan,21 17:13:27 : stop[id_itinerary]=5
Jan,21 17:13:27 : stop[id_itinerary]=5
Jan,21 17:13:27 : stop[id_itinerary]=6
Jan,21 17:13:27 : stop[id_itinerary]=6
Jan,21 17:13:27 : stop[id_itinerary]=6
Jan,21 17:13:27 : a:3:{i:1;s:17:"a47c_Зел_07:20";i:5;s:16:"a47c_ака_7:46";i:6;s:15:"t46_Кол_7:04";}
Jan,21 17:13:33 : Start logging
Jan,21 17:13:33 : created and connected
Jan,21 17:13:33 : here
Jan,21 17:13:33 : stop[id_itinerary]=1
Jan,21 17:13:33 : stop[id_itinerary]=1
Jan,21 17:13:33 : stop[id_itinerary]=1
Jan,21 17:13:33 : stop[id_itinerary]=5
Jan,21 17:13:33 : stop[id_itinerary]=5
Jan,21 17:13:33 : stop[id_itinerary]=5
Jan,21 17:13:33 : stop[id_itinerary]=6
Jan,21 17:13:33 : stop[id_itinerary]=6
Jan,21 17:13:33 : stop[id_itinerary]=6
Jan,21 17:13:33 : a:3:{i:1;s:17:"a47c_Зел_07:20";i:5;s:16:"a47c_ака_7:46";i:6;s:15:"t46_Кол_7:04";}
Jan,21 17:13:44 : Start logging
Jan,21 17:13:44 : created and connected
Jan,21 17:13:44 : here
Jan,21 17:13:44 : stop[id_itinerary]=1
Jan,21 17:13:44 : stop[id_itinerary]=1
Jan,21 17:13:44 : stop[id_itinerary]=1
Jan,21 17:13:44 : stop[id_itinerary]=5
Jan,21 17:13:44 : stop[id_itinerary]=5
Jan,21 17:13:44 : stop[id_itinerary]=5
Jan,21 17:13:44 : stop[id_itinerary]=6
Jan,21 17:13:44 : stop[id_itinerary]=6
Jan,21 17:13:44 : stop[id_itinerary]=6
Jan,21 17:13:44 : a:3:{i:1;s:17:"a47c_Зел_07:20";i:5;s:16:"a47c_ака_7:46";i:6;s:15:"t46_Кол_7:04";}
Jan,21 17:14:13 : Start logging
Jan,21 17:14:13 : created and connected
Jan,21 17:14:13 : here
Jan,21 17:14:13 : stop[id_itinerary]=1
Jan,21 17:14:13 : stop[id_itinerary]=1
Jan,21 17:14:13 : stop[id_itinerary]=1
Jan,21 17:14:13 : stop[id_itinerary]=5
Jan,21 17:14:13 : stop[id_itinerary]=5
Jan,21 17:14:13 : stop[id_itinerary]=5
Jan,21 17:14:13 : stop[id_itinerary]=6
Jan,21 17:14:13 : stop[id_itinerary]=6
Jan,21 17:14:13 : stop[id_itinerary]=6
Jan,21 17:14:13 : a:3:{i:1;s:17:"a47c_Зел_07:20";i:5;s:16:"a47c_ака_7:46";i:6;s:15:"t46_Кол_7:04";}
Jan,21 17:14:58 : Start logging
Jan,21 17:14:58 : created and connected
Jan,21 17:14:58 : here
Jan,21 17:14:58 : stop[id_itinerary]=1
Jan,21 17:14:58 : stop[id_itinerary]=1
Jan,21 17:14:58 : stop[id_itinerary]=1
Jan,21 17:14:58 : stop[id_itinerary]=5
Jan,21 17:14:58 : stop[id_itinerary]=5
Jan,21 17:14:58 : stop[id_itinerary]=5
Jan,21 17:14:58 : stop[id_itinerary]=6
Jan,21 17:14:58 : stop[id_itinerary]=6
Jan,21 17:14:58 : stop[id_itinerary]=6
Jan,21 17:14:58 : a:3:{i:1;s:17:"a47c_Зел_07:20";i:5;s:16:"a47c_ака_7:46";i:6;s:15:"t46_Кол_7:04";}
Jan,21 17:15:38 : Start logging
Jan,21 17:15:38 : created and connected
Jan,21 17:15:38 : here
Jan,21 17:15:38 : stop[id_itinerary]=1
Jan,21 17:15:38 : stop[id_itinerary]=1
Jan,21 17:15:38 : stop[id_itinerary]=1
Jan,21 17:15:38 : stop[id_itinerary]=5
Jan,21 17:15:38 : stop[id_itinerary]=5
Jan,21 17:15:38 : stop[id_itinerary]=5
Jan,21 17:15:38 : stop[id_itinerary]=6
Jan,21 17:15:38 : stop[id_itinerary]=6
Jan,21 17:15:38 : stop[id_itinerary]=6
Jan,21 17:15:38 : a:3:{i:1;s:17:"a47c_Зел_07:20";i:5;s:16:"a47c_ака_7:46";i:6;s:15:"t46_Кол_7:04";}
Jan,21 17:15:41 : Start logging
Jan,21 17:15:41 : created and connected
Jan,21 17:15:41 : here
Jan,21 17:15:41 : stop[id_itinerary]=1
Jan,21 17:15:41 : stop[id_itinerary]=1
Jan,21 17:15:41 : stop[id_itinerary]=1
Jan,21 17:15:41 : stop[id_itinerary]=5
Jan,21 17:15:41 : stop[id_itinerary]=5
Jan,21 17:15:41 : stop[id_itinerary]=5
Jan,21 17:15:41 : stop[id_itinerary]=6
Jan,21 17:15:41 : stop[id_itinerary]=6
Jan,21 17:15:41 : stop[id_itinerary]=6
Jan,21 17:15:41 : a:3:{i:1;s:17:"a47c_Зел_07:20";i:5;s:16:"a47c_ака_7:46";i:6;s:15:"t46_Кол_7:04";}
Jan,21 17:16:21 : Start logging
Jan,21 17:16:21 : created and connected
Jan,21 17:16:21 : here
Jan,21 17:16:21 : stop[id_itinerary]=1
Jan,21 17:16:21 : stop[id_itinerary]=1
Jan,21 17:16:21 : stop[id_itinerary]=1
Jan,21 17:16:21 : stop[id_itinerary]=5
Jan,21 17:16:21 : stop[id_itinerary]=5
Jan,21 17:16:21 : stop[id_itinerary]=5
Jan,21 17:16:21 : stop[id_itinerary]=6
Jan,21 17:16:21 : stop[id_itinerary]=6
Jan,21 17:16:21 : stop[id_itinerary]=6
Jan,21 17:16:21 : a:3:{i:1;s:17:"a47c_Зел_07:20";i:5;s:16:"a47c_ака_7:46";i:6;s:15:"t46_Кол_7:04";}
Jan,21 17:16:29 : Start logging
Jan,21 17:16:29 : created and connected
Jan,21 17:16:29 : here
Jan,21 17:16:29 : stop[id_itinerary]=1
Jan,21 17:16:29 : stop[id_itinerary]=1
Jan,21 17:16:29 : stop[id_itinerary]=1
Jan,21 17:16:29 : stop[id_itinerary]=5
Jan,21 17:16:29 : stop[id_itinerary]=5
Jan,21 17:16:29 : stop[id_itinerary]=5
Jan,21 17:16:29 : stop[id_itinerary]=6
Jan,21 17:16:29 : stop[id_itinerary]=6
Jan,21 17:16:29 : stop[id_itinerary]=6
Jan,21 17:16:29 : a:3:{i:1;s:17:"a47c_Зел_07:20";i:5;s:16:"a47c_ака_7:46";i:6;s:15:"t46_Кол_7:04";}
Jan,21 17:16:59 : Start logging
Jan,21 17:16:59 : created and connected
Jan,21 17:16:59 : here
Jan,21 17:16:59 : stop[id_itinerary]=1
Jan,21 17:16:59 : stop[id_itinerary]=1
Jan,21 17:16:59 : stop[id_itinerary]=1
Jan,21 17:16:59 : stop[id_itinerary]=5
Jan,21 17:16:59 : stop[id_itinerary]=5
Jan,21 17:16:59 : stop[id_itinerary]=5
Jan,21 17:16:59 : stop[id_itinerary]=6
Jan,21 17:16:59 : stop[id_itinerary]=6
Jan,21 17:16:59 : stop[id_itinerary]=6
Jan,21 17:16:59 : a:3:{i:1;s:17:"a47c_Зел_07:20";i:5;s:16:"a47c_ака_7:46";i:6;s:15:"t46_Кол_7:04";}
Jan,21 17:18:44 : Start logging
Jan,21 17:18:44 : created and connected
Jan,21 17:18:44 : here
Jan,21 17:18:44 : stop[id_itinerary]=1
Jan,21 17:18:44 : stop[id_itinerary]=1
Jan,21 17:18:44 : stop[id_itinerary]=1
Jan,21 17:18:44 : stop[id_itinerary]=5
Jan,21 17:18:44 : stop[id_itinerary]=5
Jan,21 17:18:44 : stop[id_itinerary]=5
Jan,21 17:18:44 : stop[id_itinerary]=6
Jan,21 17:18:44 : stop[id_itinerary]=6
Jan,21 17:18:44 : stop[id_itinerary]=6
Jan,21 17:18:44 : a:3:{i:1;s:17:"a47c_Зел_07:20";i:5;s:16:"a47c_ака_7:46";i:6;s:15:"t46_Кол_7:04";}
Jan,21 17:19:22 : Start logging
Jan,21 17:19:22 : created and connected
Jan,21 17:19:22 : here
Jan,21 17:19:22 : stop[id_itinerary]=1
Jan,21 17:19:22 : stop[id_itinerary]=1
Jan,21 17:19:22 : stop[id_itinerary]=1
Jan,21 17:19:22 : stop[id_itinerary]=5
Jan,21 17:19:22 : stop[id_itinerary]=5
Jan,21 17:19:22 : stop[id_itinerary]=5
Jan,21 17:19:22 : stop[id_itinerary]=6
Jan,21 17:19:22 : stop[id_itinerary]=6
Jan,21 17:19:22 : stop[id_itinerary]=6
Jan,21 17:19:22 : a:3:{i:1;s:17:"a47c_Зел_07:20";i:5;s:16:"a47c_ака_7:46";i:6;s:15:"t46_Кол_7:04";}
Jan,21 17:19:30 : Start logging
Jan,21 17:19:30 : created and connected
Jan,21 17:19:30 : here
Jan,21 17:19:30 : stop[id_itinerary]=1
Jan,21 17:19:30 : stop[id_itinerary]=1
Jan,21 17:19:30 : stop[id_itinerary]=1
Jan,21 17:19:30 : stop[id_itinerary]=5
Jan,21 17:19:30 : stop[id_itinerary]=5
Jan,21 17:19:30 : stop[id_itinerary]=5
Jan,21 17:19:30 : stop[id_itinerary]=6
Jan,21 17:19:30 : stop[id_itinerary]=6
Jan,21 17:19:30 : stop[id_itinerary]=6
Jan,21 17:19:30 : a:3:{i:1;s:17:"a47c_Зел_07:20";i:5;s:16:"a47c_ака_7:46";i:6;s:15:"t46_Кол_7:04";}
Jan,21 17:19:43 : Start logging
Jan,21 17:19:43 : created and connected
Jan,21 17:19:43 : here
Jan,21 17:19:43 : stop[id_itinerary]=1
Jan,21 17:19:43 : stop[id_itinerary]=1
Jan,21 17:19:43 : stop[id_itinerary]=1
Jan,21 17:19:43 : stop[id_itinerary]=5
Jan,21 17:19:43 : stop[id_itinerary]=5
Jan,21 17:19:43 : stop[id_itinerary]=5
Jan,21 17:19:43 : stop[id_itinerary]=6
Jan,21 17:19:43 : stop[id_itinerary]=6
Jan,21 17:19:43 : stop[id_itinerary]=6
Jan,21 17:19:43 : a:3:{i:1;s:17:"a47c_Зел_07:20";i:5;s:16:"a47c_ака_7:46";i:6;s:15:"t46_Кол_7:04";}
Jan,21 17:26:33 : Start logging
Jan,21 17:26:33 : created and connected
Jan,21 17:26:33 : here
Jan,21 17:26:33 : stop[id_itinerary]=1
Jan,21 17:26:33 : stop[id_itinerary]=1
Jan,21 17:26:33 : stop[id_itinerary]=1
Jan,21 17:26:33 : stop[id_itinerary]=5
Jan,21 17:26:33 : stop[id_itinerary]=5
Jan,21 17:26:33 : stop[id_itinerary]=5
Jan,21 17:26:33 : stop[id_itinerary]=6
Jan,21 17:26:33 : stop[id_itinerary]=6
Jan,21 17:26:33 : stop[id_itinerary]=6
Jan,21 17:26:33 : a:3:{i:1;s:17:"a47c_Зел_07:20";i:5;s:16:"a47c_ака_7:46";i:6;s:15:"t46_Кол_7:04";}
Jan,21 17:30:30 : Start logging
Jan,21 17:30:30 : created and connected
Jan,21 17:30:30 : here
Jan,21 17:30:30 : stop[id_itinerary]=1
Jan,21 17:30:30 : stop[id_itinerary]=1
Jan,21 17:30:30 : stop[id_itinerary]=1
Jan,21 17:30:30 : stop[id_itinerary]=5
Jan,21 17:30:30 : stop[id_itinerary]=5
Jan,21 17:30:30 : stop[id_itinerary]=5
Jan,21 17:30:30 : stop[id_itinerary]=6
Jan,21 17:30:30 : stop[id_itinerary]=6
Jan,21 17:30:30 : stop[id_itinerary]=6
Jan,21 17:30:30 : a:3:{i:1;s:17:"a47c_Зел_07:20";i:5;s:16:"a47c_ака_7:46";i:6;s:15:"t46_Кол_7:04";}
Jan,21 17:30:51 : Start logging
Jan,21 17:30:51 : created and connected
Jan,21 17:30:51 : here
Jan,21 17:30:51 : stop[id_itinerary]=1
Jan,21 17:30:51 : stop[id_itinerary]=1
Jan,21 17:30:51 : stop[id_itinerary]=1
Jan,21 17:30:51 : stop[id_itinerary]=5
Jan,21 17:30:51 : stop[id_itinerary]=5
Jan,21 17:30:51 : stop[id_itinerary]=5
Jan,21 17:30:51 : stop[id_itinerary]=6
Jan,21 17:30:51 : stop[id_itinerary]=6
Jan,21 17:30:51 : stop[id_itinerary]=6
Jan,21 17:30:51 : a:3:{i:1;s:17:"a47c_Зел_07:20";i:5;s:16:"a47c_ака_7:46";i:6;s:15:"t46_Кол_7:04";}
Jan,21 17:31:34 : Start logging
Jan,21 17:31:34 : created and connected
Jan,21 17:31:34 : here
Jan,21 17:31:34 : stop[id_itinerary]=1
Jan,21 17:31:34 : stop[id_itinerary]=1
Jan,21 17:31:34 : stop[id_itinerary]=1
Jan,21 17:31:34 : stop[id_itinerary]=5
Jan,21 17:31:34 : stop[id_itinerary]=5
Jan,21 17:31:34 : stop[id_itinerary]=5
Jan,21 17:31:34 : stop[id_itinerary]=6
Jan,21 17:31:34 : stop[id_itinerary]=6
Jan,21 17:31:34 : stop[id_itinerary]=6
Jan,21 17:31:34 : a:3:{i:1;s:17:"a47c_Зел_07:20";i:5;s:16:"a47c_ака_7:46";i:6;s:15:"t46_Кол_7:04";}
Jan,21 17:31:49 : Start logging
Jan,21 17:31:49 : created and connected
Jan,21 17:31:49 : here
Jan,21 17:31:49 : stop[id_itinerary]=1
Jan,21 17:31:49 : stop[id_itinerary]=1
Jan,21 17:31:49 : stop[id_itinerary]=1
Jan,21 17:31:49 : stop[id_itinerary]=5
Jan,21 17:31:49 : stop[id_itinerary]=5
Jan,21 17:31:49 : stop[id_itinerary]=5
Jan,21 17:31:49 : stop[id_itinerary]=6
Jan,21 17:31:49 : stop[id_itinerary]=6
Jan,21 17:31:49 : stop[id_itinerary]=6
Jan,21 17:31:49 : a:3:{i:1;s:17:"a47c_Зел_07:20";i:5;s:16:"a47c_ака_7:46";i:6;s:15:"t46_Кол_7:04";}
Jan,21 17:31:58 : Start logging
Jan,21 17:31:58 : created and connected
Jan,21 17:31:58 : here
Jan,21 17:31:58 : stop[id_itinerary]=1
Jan,21 17:31:58 : stop[id_itinerary]=1
Jan,21 17:31:58 : stop[id_itinerary]=1
Jan,21 17:31:58 : stop[id_itinerary]=5
Jan,21 17:31:58 : stop[id_itinerary]=5
Jan,21 17:31:58 : stop[id_itinerary]=5
Jan,21 17:31:58 : stop[id_itinerary]=6
Jan,21 17:31:58 : stop[id_itinerary]=6
Jan,21 17:31:58 : stop[id_itinerary]=6
Jan,21 17:31:58 : a:3:{i:1;s:17:"a47c_Зел_07:20";i:5;s:16:"a47c_ака_7:46";i:6;s:15:"t46_Кол_7:04";}
